proguard/seeds.txt
markson.visuals.sitapp.AccountSelector
markson.visuals.sitapp.AccountSelector: AccountSelector()
markson.visuals.sitapp.CCActivity
markson.visuals.sitapp.CCActivity: CCActivity()
markson.visuals.sitapp.ClassesActivity
markson.visuals.sitapp.ClassesActivity: ClassesActivity()
markson.visuals.sitapp.ClassesService
markson.visuals.sitapp.ClassesService: ClassesService()
markson.visuals.sitapp.ClassesService$NotifyServiceReceiver
markson.visuals.sitapp.JSONfunctions
markson.visuals.sitapp.LaundryActivity
markson.visuals.sitapp.LaundryActivity: LaundryActivity()
markson.visuals.sitapp.NotificationActivity
markson.visuals.sitapp.NotificationActivity: NotificationActivity()
markson.visuals.sitapp.R$bool: int ga_autoActivityTracking
markson.visuals.sitapp.R$bool: int ga_reportUncaughtExceptions
markson.visuals.sitapp.R$color: int White
markson.visuals.sitapp.R$color: int lvbg
markson.visuals.sitapp.R$color: int lvwdcolor
markson.visuals.sitapp.R$drawable: int angelbut
markson.visuals.sitapp.R$drawable: int apbutton
markson.visuals.sitapp.R$drawable: int apbuttonc
markson.visuals.sitapp.R$drawable: int bannerbut
markson.visuals.sitapp.R$drawable: int bwbutton
markson.visuals.sitapp.R$drawable: int bwbuttonc
markson.visuals.sitapp.R$drawable: int calbut
markson.visuals.sitapp.R$drawable: int calbutton
markson.visuals.sitapp.R$drawable: int calbuttonc
markson.visuals.sitapp.R$drawable: int cancelbut
markson.visuals.sitapp.R$drawable: int ccbutton
markson.visuals.sitapp.R$drawable: int ccbuttonc
markson.visuals.sitapp.R$drawable: int denied
markson.visuals.sitapp.R$drawable: int devblogbut
markson.visuals.sitapp.R$drawable: int devblogicon
markson.visuals.sitapp.R$drawable: int devblogiconc
markson.visuals.sitapp.R$drawable: int ic_launcher
markson.visuals.sitapp.R$drawable: int ic_launcher2
markson.visuals.sitapp.R$drawable: int laundrybut
markson.visuals.sitapp.R$drawable: int lvbutton
markson.visuals.sitapp.R$drawable: int lvbuttonc
markson.visuals.sitapp.R$drawable: int lvlogo
markson.visuals.sitapp.R$drawable: int newsbut
markson.visuals.sitapp.R$drawable: int newsbutton
markson.visuals.sitapp.R$drawable: int newsbuttonc
markson.visuals.sitapp.R$drawable: int refresh
markson.visuals.sitapp.R$drawable: int sitlogo
markson.visuals.sitapp.R$id: int RelativeLayout1
markson.visuals.sitapp.R$id: int TextView01
markson.visuals.sitapp.R$id: int TextView02
markson.visuals.sitapp.R$id: int TextView03
markson.visuals.sitapp.R$id: int TextView04
markson.visuals.sitapp.R$id: int TextView05
markson.visuals.sitapp.R$id: int TextView06
markson.visuals.sitapp.R$id: int TextView07
markson.visuals.sitapp.R$id: int TextView08
markson.visuals.sitapp.R$id: int TextView12
markson.visuals.sitapp.R$id: int angback
markson.visuals.sitapp.R$id: int angelview
markson.visuals.sitapp.R$id: int anghome
markson.visuals.sitapp.R$id: int apbutton
markson.visuals.sitapp.R$id: int back
markson.visuals.sitapp.R$id: int bannerview
markson.visuals.sitapp.R$id: int bback
markson.visuals.sitapp.R$id: int bhome
markson.visuals.sitapp.R$id: int blog
markson.visuals.sitapp.R$id: int blogview
markson.visuals.sitapp.R$id: int button1
markson.visuals.sitapp.R$id: int bwback
markson.visuals.sitapp.R$id: int bwbutton
markson.visuals.sitapp.R$id: int bwhome
markson.visuals.sitapp.R$id: int calbutton
markson.visuals.sitapp.R$id: int ccback
markson.visuals.sitapp.R$id: int ccbutton
markson.visuals.sitapp.R$id: int ccbutton1
markson.visuals.sitapp.R$id: int cclist
markson.visuals.sitapp.R$id: int ccrefresh
markson.visuals.sitapp.R$id: int clist
markson.visuals.sitapp.R$id: int crnbut
markson.visuals.sitapp.R$id: int crnlayout
markson.visuals.sitapp.R$id: int devblogbut
markson.visuals.sitapp.R$id: int editText1
...
com.google.analytics.tracking.android.AdMobInfo$AdMobKey: com.google.analytics.tracking.android.AdMobInfo$AdMobKey[] values()
com.google.analytics.tracking.android.AdMobInfo$AdMobKey: com.google.analytics.tracking.android.AdMobInfo$AdMobKey valueOf(java.lang.String)
com.google.analytics.tracking.android.CampaignTrackingReceiver
com.google.analytics.tracking.android.CampaignTrackingService
com.google.analytics.tracking.android.GAServiceProxy$ConnectState: com.google.analytics.tracking.android.GAServiceProxy$ConnectState[] values()
com.google.analytics.tracking.android.GAServiceProxy$ConnectState: com.google.analytics.tracking.android.GAServiceProxy$ConnectState valueOf(java.lang.String)
com.google.analytics.tracking.android.GAUsage$Field: com.google.analytics.tracking.android.GAUsage$Field[] values()
com.google.analytics.tracking.android.GAUsage$Field: com.google.analytics.tracking.android.GAUsage$Field valueOf(java.lang.String)
com.google.android.gms.analytics.internal.Command
com.google.android.gms.analytics.internal.Command: android.os.Parcelable$Creator CREATOR