proguard/mapping.txt
markson.visuals.sitapp.AccountSelector -> markson.visuals.sitapp.AccountSelector:
    android.widget.ArrayAdapter accountAdapter -> a
    void onCreate(android.os.Bundle) -> onCreate
    void onStart() -> onStart
    void onStop() -> onStop
    void onListItemClick(android.widget.ListView,android.view.View,int,long) -> onListItemClick
markson.visuals.sitapp.CCActivity -> markson.visuals.sitapp.CCActivity:
    java.util.ArrayList mylist -> a
    org.json.JSONObject json -> b
    java.lang.String cclass -> c
    java.lang.String num -> d
    java.lang.String crn -> e
    java.lang.String instructor -> f
    java.lang.String date -> g
    java.lang.String time -> h
    java.lang.String fdate -> i
    void onStart() -> onStart
    void onStop() -> onStop
    void onCreate(android.os.Bundle) -> onCreate
    boolean onCreateOptionsMenu(android.view.Menu) -> onCreateOptionsMenu
    boolean onOptionsItemSelected(android.view.MenuItem) -> onOptionsItemSelected
    void parse() -> a
    void json() -> b
    void download() -> c
markson.visuals.sitapp.CCActivity$1 -> markson.visuals.sitapp.a:
    markson.visuals.sitapp.CCActivity this$0 -> a
    void onClick(android.view.View) -> onClick
markson.visuals.sitapp.CCActivity$2 -> markson.visuals.sitapp.b:
    markson.visuals.sitapp.CCActivity this$0 -> a
    android.widget.ListView val$lv -> b
    void onItemClick(android.widget.AdapterView,android.view.View,int,long) -> onItemClick
markson.visuals.sitapp.CCActivity$3 -> markson.visuals.sitapp.c:
    markson.visuals.sitapp.CCActivity this$0 -> a
    void onClick(android.content.DialogInterface,int) -> onClick
markson.visuals.sitapp.CCActivity$x2jprogress -> markson.visuals.sitapp.d:
    android.app.ProgressDialog dialog -> a
    markson.visuals.sitapp.CCActivity this$0 -> b
    void onPreExecute() -> onPreExecute
    void onPostExecute(java.lang.Void) -> a
    java.lang.Void doInBackground(java.lang.Void[]) -> a
    void onPostExecute(java.lang.Object) -> onPostExecute
    java.lang.Object doInBackground(java.lang.Object[]) -> doInBackground
markson.visuals.sitapp.ClassesActivity -> markson.visuals.sitapp.ClassesActivity:
    java.lang.String ccget -> a
    android.widget.TextView t -> b
    void onStart() -> onStart
    void onStop() -> onStop
    void onCreate(android.os.Bundle) -> onCreate
    boolean onCreateOptionsMenu(android.view.Menu) -> onCreateOptionsMenu
    boolean onOptionsItemSelected(android.view.MenuItem) -> onOptionsItemSelected
    void setcc() -> a
    java.lang.String getClasses() -> b
markson.visuals.sitapp.ClassesActivity$1 -> markson.visuals.sitapp.e:
    markson.visuals.sitapp.ClassesActivity this$0 -> a
    void onClick(android.view.View) -> onClick
markson.visuals.sitapp.ClassesActivity$ccprogress -> markson.visuals.sitapp.f:
    android.app.ProgressDialog dialog -> a
    markson.visuals.sitapp.ClassesActivity this$0 -> b
    void onPreExecute() -> onPreExecute
    void onPostExecute(java.lang.Void) -> a
    java.lang.Void doInBackground(java.lang.Void[]) -> a
    void onPostExecute(java.lang.Object) -> onPostExecute
    java.lang.Object doInBackground(java.lang.Object[]) -> doInBackground
markson.visuals.sitapp.ClassesService -> markson.visuals.sitapp.ClassesService:
    markson.visuals.sitapp.ClassesService$NotifyServiceReceiver notifyServiceReceiver -> a
    android.app.NotificationManager notificationManager -> c
    android.app.Notification myNotification -> d
    java.lang.String classNum -> b
    void onCreate() -> onCreate
    int onStartCommand(android.content.Intent,int,int) -> onStartCommand
    android.app.PendingIntent getPendingIntent() -> a
    void onDestroy() -> onDestroy
    android.os.IBinder onBind(android.content.Intent) -> onBind
    void getNumClass() -> b
...
com.google.analytics.tracking.android.MetaModelInitializer$2 -> com.google.analytics.tracking.android.bb:
    java.text.DecimalFormat mFloatFormat -> a
    java.lang.String format(java.lang.String) -> a
com.google.analytics.tracking.android.ParameterLoader -> com.google.analytics.tracking.android.bc:
    java.lang.String getString(java.lang.String) -> a
    java.lang.Double getDoubleFromString(java.lang.String) -> b
    boolean getBoolean(java.lang.String) -> c
    int getInt(java.lang.String,int) -> a
com.google.analytics.tracking.android.ParameterLoaderImpl -> com.google.analytics.tracking.android.bd:
    android.content.Context mContext -> a
    int getResourceIdForType(java.lang.String,java.lang.String) -> a
    java.lang.String getString(java.lang.String) -> a
    boolean getBoolean(java.lang.String) -> c
    int getInt(java.lang.String,int) -> a
    java.lang.Double getDoubleFromString(java.lang.String) -> b
com.google.analytics.tracking.android.PersistentAnalyticsStore -> com.google.analytics.tracking.android.be:
    java.lang.String CREATE_HITS_TABLE -> a
    com.google.analytics.tracking.android.PersistentAnalyticsStore$AnalyticsDatabaseHelper mDbHelper -> b
    com.google.analytics.tracking.android.Dispatcher mDispatcher -> c
    com.google.analytics.tracking.android.AnalyticsStoreStateListener mListener -> d
    android.content.Context mContext -> e
    java.lang.String mDatabaseName -> f
    long mLastDeleteStaleHitsTime -> g
    com.google.analytics.tracking.android.Clock mClock -> h
    com.google.analytics.tracking.android.HttpClientFactory createDefaultHttpClientFactory() -> e
    void clearHits(long) -> a
    void putHit(java.util.Map,long,java.lang.String,java.util.Collection) -> a
    void fillVersionParametersIfNecessary(java.util.Map,java.util.Collection) -> a
    void storeVersion(java.util.Map,java.lang.String,java.lang.String) -> a
    void removeOldHitIfFull() -> f
    void writeHitToDatabase(java.util.Map,long,java.lang.String) -> a
    java.lang.String generateHitString(java.util.Map) -> a
    java.util.List peekHits(int) -> a
    int deleteStaleHits() -> b
    void deleteHits(java.util.Collection) -> a
    int getNumStoredHits() -> c
    void dispatch() -> a
    android.database.sqlite.SQLiteDatabase getWritableDatabase(java.lang.String) -> a
com.google.analytics.tracking.android.PersistentAnalyticsStore$1 -> com.google.analytics.tracking.android.bf:
    com.google.analytics.tracking.android.PersistentAnalyticsStore this$0 -> a
    long currentTimeMillis() -> a
com.google.analytics.tracking.android.PersistentAnalyticsStore$2 -> com.google.analytics.tracking.android.bg:
    com.google.analytics.tracking.android.PersistentAnalyticsStore this$0 -> a
    org.apache.http.client.HttpClient newInstance() -> a
com.google.analytics.tracking.android.PersistentAnalyticsStore$AnalyticsDatabaseHelper -> com.google.analytics.tracking.android.bh:
    boolean mBadDatabase -> b
    long mLastDatabaseCheckTime -> c
    com.google.analytics.tracking.android.PersistentAnalyticsStore this$0 -> a
    boolean tablePresent(java.lang.String,android.database.sqlite.SQLiteDatabase) -> a
    android.database.sqlite.SQLiteDatabase getWritableDatabase() -> getWritableDatabase
    void onOpen(android.database.sqlite.SQLiteDatabase) -> onOpen
    void validateColumnsPresent(android.database.sqlite.SQLiteDatabase) -> a
    void onCreate(android.database.sqlite.SQLiteDatabase) -> onCreate
    void onUpgrade(android.database.sqlite.SQLiteDatabase,int,int) -> onUpgrade
com.google.analytics.tracking.android.ServiceManager -> com.google.analytics.tracking.android.bi:
    void dispatch() -> c
    void setDispatchPeriod(int) -> a
    void updateConnectivityStatus(boolean) -> a
com.google.analytics.tracking.android.ServiceProxy -> com.google.analytics.tracking.android.bj:
    void putHit(java.util.Map,long,java.lang.String,java.util.List) -> a
    void dispatch() -> c
    void createService() -> e