proguard/usage.txt
markson.visuals.sitapp.AuthenticationUtil
markson.visuals.sitapp.BuildConfig
markson.visuals.sitapp.CCActivity:
    java.lang.String course
    java.lang.String pubDate
    java.lang.String calid
markson.visuals.sitapp.ClassesService:
    static final java.lang.String ACTION
    static final java.lang.String STOP_SERVICE
    static final int RQS_STOP_SERVICE
    private static final int MY_NOTIFICATION_ID
    android.os.Bundle extras
markson.visuals.sitapp.LaundryActivity:
    int adkne
    int adkse
    int mhke
    int ork1e
markson.visuals.sitapp.R
markson.visuals.sitapp.R$attr
markson.visuals.sitapp.R$bool
markson.visuals.sitapp.R$color
markson.visuals.sitapp.R$drawable
markson.visuals.sitapp.R$id
markson.visuals.sitapp.R$layout
markson.visuals.sitapp.R$string
markson.visuals.sitapp.SitappActivity:
    198:217:public void notifications()
    235:237:public boolean isConnected()
markson.visuals.sitapp.eventActivity:
    java.lang.String title
markson.visuals.sitapp.settingActivity:
    java.lang.String crntext
    android.widget.EditText mEdit
    367:394:public void notifications()
markson.visuals.sitapp.settingActivity$notifyAsync:
    android.app.PendingIntent pi
markson.visuals.sitapp.widgetCC:
    java.lang.String classes
...
com.google.analytics.tracking.android.AnalyticsGmsCoreClient:
    public static final int BIND_FAILED
    public static final int REMOTE_EXECUTION_FAILED
    private static final java.lang.String SERVICE_DESCRIPTOR
    static final java.lang.String SERVICE_ACTION
    private static final int BIND_ADJUST_WITH_ACTIVITY
    public static final java.lang.String KEY_APP_PACKAGE_NAME
com.google.analytics.tracking.android.AnalyticsStore:
    public abstract void setDispatch(boolean)
    public abstract void close()
com.google.analytics.tracking.android.AnalyticsThread:
    public abstract void setAppOptOut(boolean)
com.google.analytics.tracking.android.CampaignTrackingReceiver:
    static final java.lang.String INSTALL_ACTION
    static final java.lang.String CAMPAIGN_KEY
com.google.analytics.tracking.android.CampaignTrackingService:
    16:17:public CampaignTrackingService(java.lang.String)
com.google.analytics.tracking.android.EasyTracker:
    static final int NUM_MILLISECONDS_TO_WAIT_FOR_OPEN_ACTIVITY
    125:129:public static com.google.analytics.tracking.android.Tracker getTracker()
    291:292:void setUncaughtExceptionHandler(java.lang.Thread$UncaughtExceptionHandler)
    400:403:public void dispatch()
    437:438:static void clearTracker()
    442:443:void setClock(com.google.analytics.tracking.android.Clock)
    447:447:int getActivitiesActive()
com.google.analytics.tracking.android.EasyTracker$NoopTracker:
    private java.lang.String mAppId
    private java.lang.String mAppInstallerId
    private boolean mIsUseSecure
    private com.google.analytics.tracking.android.ExceptionParser mExceptionParser
    478:478:public void setAppScreen(java.lang.String)
    482:482:public void sendView()
    490:490:public void sendEvent(java.lang.String,java.lang.String,java.lang.String,java.lang.Long)
    494:494:public void sendTransaction(com.google.analytics.tracking.android.Transaction)
    502:502:public void sendException(java.lang.String,java.lang.Throwable,boolean)
    507:507:public void sendTiming(java.lang.String,long,java.lang.String,java.lang.String)
    511:511:public void sendSocial(java.lang.String,java.lang.String,java.lang.String)
    515:515:public void close()
    519:519:public void send(java.lang.String,java.util.Map)
    523:523:public java.lang.String get(java.lang.String)
    528:528:public void set(java.lang.String,java.lang.String)
    532:532:public java.lang.String getTrackingId()
    542:542:public boolean isAnonymizeIpEnabled()
    552:552:public double getSampleRate()
    557:558:public void setUseSecure(boolean)
    562:562:public boolean isUseSecure()
    567:567:public void setReferrer(java.lang.String)
    571:571:public void setCampaign(java.lang.String)
    575:576:public void setAppId(java.lang.String)
    580:580:public java.lang.String getAppId()
com.google.analytics.tracking.android.ExceptionReporter:
    57:57:public com.google.analytics.tracking.android.ExceptionParser getExceptionParser()
    61:62:public void setExceptionParser(com.google.analytics.tracking.android.ExceptionParser)
com.google.analytics.tracking.android.FutureApis:
    17:18:private FutureApis()
com.google.analytics.tracking.android.GAServiceManager:
    private static final int MSG_KEY
    84:89:GAServiceManager(android.content.Context,com.google.analytics.tracking.android.AnalyticsThread,com.google.analytics.tracking.android.AnalyticsStore,boolean)
    147:147:com.google.analytics.tracking.android.AnalyticsStoreStateListener getListener()
com.google.analytics.tracking.android.GAServiceProxy:
    private static final int MAX_TRIES
    private static final long SERVICE_CONNECTION_TIMEOUT
    private static final long RECONNECT_WAIT_TIME
    private static final long FAILED_CONNECT_WAIT_TIME
    89:90:void setClock(com.google.analytics.tracking.android.Clock)
    170:175:void createService(com.google.analytics.tracking.android.AnalyticsClient)
    182:183:public void setIdleTimeout(long)